Arguments: 
  C:\Program Files\nodejs\node.exe C:\Program Files (x86)\Yarn\bin\yarn.js

PATH: 
  C:\Program Files (x86)\Intel\iCLS Client\;C:\Program Files\Intel\iCLS Client\;C:\WINDOWS\system32;C:\WINDOWS;C:\WINDOWS\System32\Wbem;C:\WINDOWS\System32\WindowsPowerShell\v1.0\;C:\Program Files\TortoiseGit\bin;C:\Program Files\Git\cmd;C:\Program Files\nodejs\;C:\Program Files (x86)\Intel\Intel(R) Management Engine Components\DAL;C:\Program Files\Intel\Intel(R) Management Engine Components\DAL;C:\Program Files (x86)\Intel\Intel(R) Management Engine Components\IPT;C:\Program Files\Intel\Intel(R) Management Engine Components\IPT;C:\Program Files\Intel\WiFi\bin\;C:\Program Files\Common Files\Intel\WirelessCommon\;C:\WINDOWS\System32\OpenSSH\;C:\Program Files (x86)\Yarn\bin\;C:\Program Files\dotnet\;C:\Program Files (x86)\Microsoft VS Code\bin;C:\Users\bahrus\AppData\Local\Microsoft\WindowsApps;C:\Program Files (x86)\Microsoft VS Code\bin;C:\Users\bahrus\AppData\Roaming\npm;C:\Users\bahrus\AppData\Local\Yarn\bin

Yarn version: 
  1.7.0

Node version: 
  8.9.2

Platform: 
  win32 x64

Trace: 
  Error: unable to verify the first certificate
      at TLSSocket.<anonymous> (_tls_wrap.js:1103:38)
      at emitNone (events.js:106:13)
      at TLSSocket.emit (events.js:208:7)
      at TLSSocket._finishInit (_tls_wrap.js:637:8)
      at TLSWrap.ssl.onhandshakedone (_tls_wrap.js:467:38)

npm manifest: 
  {
    "name": "xtal-json-editor",
    "version": "0.0.24",
    "description": "Dependency free web component wrapper around the JSONEditor library",
    "main": "xtal-json-editor.js",
    "repository": "https://github.com/bahrus/xtal-json-editor",
    "author": "bahrus <anderson.bruce.b@gmail.com>",
    "license": "MIT",
    "dependencies": {
      "xtal-latx": "0.0.17"
    },
    "devDependencies": {
      "@polymer/iron-demo-helpers": "^3.0.0-pre.12",
      "@webcomponents/webcomponentsjs": "^2.0.0",
      "wct-browser-legacy": "^1.0.0",
      "@polymer/polymer": "^3.0.0",
      "jiife": "^0.0.3"
    }
  }

yarn manifest: 
  No manifest

Lockfile: 
  No lockfile
